Determining if the pthread_create exist failed with the following output:
Change Dir: /tmp/gtest_make_ansymore/gtest-1.7.0/CMakeFiles/CMakeTmp

Run Build Command:"/usr/bin/make" "cmTryCompileExec3951937529/fast"
/usr/bin/make -f CMakeFiles/cmTryCompileExec3951937529.dir/build.make CMakeFiles/cmTryCompileExec3951937529.dir/build
make[1]: Entering directory '/tmp/gtest_make_ansymore/gtest-1.7.0/CMakeFiles/CMakeTmp'
/usr/bin/cmake -E cmake_progress_report /tmp/gtest_make_ansymore/gtest-1.7.0/CMakeFiles/CMakeTmp/CMakeFiles 1
Building C object CMakeFiles/cmTryCompileExec3951937529.dir/CheckSymbolExists.c.o
/usr/bin/cc    -o CMakeFiles/cmTryCompileExec3951937529.dir/CheckSymbolExists.c.o   -c /tmp/gtest_make_ansymore/gtest-1.7.0/CMakeFiles/CMakeTmp/CheckSymbolExists.c
Linking C executable cmTryCompileExec3951937529
/usr/bin/cmake -E cmake_link_script CMakeFiles/cmTryCompileExec3951937529.dir/link.txt --verbose=1
/usr/bin/cc      CMakeFiles/cmTryCompileExec3951937529.dir/CheckSymbolExists.c.o  -o cmTryCompileExec3951937529 -rdynamic 
CMakeFiles/cmTryCompileExec3951937529.dir/CheckSymbolExists.c.o: In function `main':
CheckSymbolExists.c:(.text+0x16): undefined reference to `pthread_create'
collect2: error: ld returned 1 exit status
CMakeFiles/cmTryCompileExec3951937529.dir/build.make:88: recipe for target 'cmTryCompileExec3951937529' failed
make[1]: Leaving directory '/tmp/gtest_make_ansymore/gtest-1.7.0/CMakeFiles/CMakeTmp'
make[1]: *** [cmTryCompileExec3951937529] Error 1
Makefile:118: recipe for target 'cmTryCompileExec3951937529/fast' failed
make: *** [cmTryCompileExec3951937529/fast] Error 2

File /tmp/gtest_make_ansymore/gtest-1.7.0/CMakeFiles/CMakeTmp/CheckSymbolExists.c:
/* */
#include <pthread.h>

int main(int argc, char** argv)
{
  (void)argv;
#ifndef pthread_create
  return ((int*)(&pthread_create))[argc];
#else
  (void)argc;
  return 0;
#endif
}

Determining if the function pthread_create exists in the pthreads failed with the following output:
Change Dir: /tmp/gtest_make_ansymore/gtest-1.7.0/CMakeFiles/CMakeTmp

Run Build Command:"/usr/bin/make" "cmTryCompileExec1015657485/fast"
/usr/bin/make -f CMakeFiles/cmTryCompileExec1015657485.dir/build.make CMakeFiles/cmTryCompileExec1015657485.dir/build
make[1]: Entering directory '/tmp/gtest_make_ansymore/gtest-1.7.0/CMakeFiles/CMakeTmp'
/usr/bin/cmake -E cmake_progress_report /tmp/gtest_make_ansymore/gtest-1.7.0/CMakeFiles/CMakeTmp/CMakeFiles 1
Building C object CMakeFiles/cmTryCompileExec1015657485.dir/CheckFunctionExists.c.o
/usr/bin/cc   -DCHECK_FUNCTION_EXISTS=pthread_create   -o CMakeFiles/cmTryCompileExec1015657485.dir/CheckFunctionExists.c.o   -c /usr/share/cmake-3.1/Modules/CheckFunctionExists.c
Linking C executable cmTryCompileExec1015657485
/usr/bin/cmake -E cmake_link_script CMakeFiles/cmTryCompileExec1015657485.dir/link.txt --verbose=1
/usr/bin/cc   -DCHECK_FUNCTION_EXISTS=pthread_create   CMakeFiles/cmTryCompileExec1015657485.dir/CheckFunctionExists.c.o  -o cmTryCompileExec1015657485 -rdynamic -lpthreads 
/usr/bin/ld: cannot find -lpthreads
collect2: error: ld returned 1 exit status
CMakeFiles/cmTryCompileExec1015657485.dir/build.make:88: recipe for target 'cmTryCompileExec1015657485' failed
make[1]: *** [cmTryCompileExec1015657485] Error 1
make[1]: Leaving directory '/tmp/gtest_make_ansymore/gtest-1.7.0/CMakeFiles/CMakeTmp'
Makefile:118: recipe for target 'cmTryCompileExec1015657485/fast' failed
make: *** [cmTryCompileExec1015657485/fast] Error 2


Determining if the pthread_create exist failed with the following output:
Change Dir: /Bestanden/Copy/root/Bestanden/School/SE/ArcadeGame/lib/gtest/CMakeFiles/CMakeTmp

Run Build Command:"/usr/bin/make" "cmTryCompileExec4187829709/fast"
/usr/bin/make -f CMakeFiles/cmTryCompileExec4187829709.dir/build.make CMakeFiles/cmTryCompileExec4187829709.dir/build
make[1]: Entering directory '/Bestanden/Copy/root/Bestanden/School/SE/ArcadeGame/lib/gtest/CMakeFiles/CMakeTmp'
/usr/bin/cmake -E cmake_progress_report /Bestanden/Copy/root/Bestanden/School/SE/ArcadeGame/lib/gtest/CMakeFiles/CMakeTmp/CMakeFiles 1
Building C object CMakeFiles/cmTryCompileExec4187829709.dir/CheckSymbolExists.c.o
/usr/bin/cc    -o CMakeFiles/cmTryCompileExec4187829709.dir/CheckSymbolExists.c.o   -c /Bestanden/Copy/root/Bestanden/School/SE/ArcadeGame/lib/gtest/CMakeFiles/CMakeTmp/CheckSymbolExists.c
Linking C executable cmTryCompileExec4187829709
/usr/bin/cmake -E cmake_link_script CMakeFiles/cmTryCompileExec4187829709.dir/link.txt --verbose=1
/usr/bin/cc      CMakeFiles/cmTryCompileExec4187829709.dir/CheckSymbolExists.c.o  -o cmTryCompileExec4187829709 -rdynamic 
CMakeFiles/cmTryCompileExec4187829709.dir/CheckSymbolExists.c.o: In function `main':
CheckSymbolExists.c:(.text+0x16): undefined reference to `pthread_create'
collect2: error: ld returned 1 exit status
CMakeFiles/cmTryCompileExec4187829709.dir/build.make:88: recipe for target 'cmTryCompileExec4187829709' failed
make[1]: Leaving directory '/Bestanden/Copy/root/Bestanden/School/SE/ArcadeGame/lib/gtest/CMakeFiles/CMakeTmp'
make[1]: *** [cmTryCompileExec4187829709] Error 1
Makefile:118: recipe for target 'cmTryCompileExec4187829709/fast' failed
make: *** [cmTryCompileExec4187829709/fast] Error 2

File /Bestanden/Copy/root/Bestanden/School/SE/ArcadeGame/lib/gtest/CMakeFiles/CMakeTmp/CheckSymbolExists.c:
/* */
#include <pthread.h>

int main(int argc, char** argv)
{
  (void)argv;
#ifndef pthread_create
  return ((int*)(&pthread_create))[argc];
#else
  (void)argc;
  return 0;
#endif
}

Determining if the function pthread_create exists in the pthreads failed with the following output:
Change Dir: /Bestanden/Copy/root/Bestanden/School/SE/ArcadeGame/lib/gtest/CMakeFiles/CMakeTmp

Run Build Command:"/usr/bin/make" "cmTryCompileExec1600703788/fast"
/usr/bin/make -f CMakeFiles/cmTryCompileExec1600703788.dir/build.make CMakeFiles/cmTryCompileExec1600703788.dir/build
make[1]: Entering directory '/Bestanden/Copy/root/Bestanden/School/SE/ArcadeGame/lib/gtest/CMakeFiles/CMakeTmp'
/usr/bin/cmake -E cmake_progress_report /Bestanden/Copy/root/Bestanden/School/SE/ArcadeGame/lib/gtest/CMakeFiles/CMakeTmp/CMakeFiles 1
Building C object CMakeFiles/cmTryCompileExec1600703788.dir/CheckFunctionExists.c.o
/usr/bin/cc   -DCHECK_FUNCTION_EXISTS=pthread_create   -o CMakeFiles/cmTryCompileExec1600703788.dir/CheckFunctionExists.c.o   -c /usr/share/cmake-3.1/Modules/CheckFunctionExists.c
Linking C executable cmTryCompileExec1600703788
/usr/bin/cmake -E cmake_link_script CMakeFiles/cmTryCompileExec1600703788.dir/link.txt --verbose=1
/usr/bin/cc   -DCHECK_FUNCTION_EXISTS=pthread_create   CMakeFiles/cmTryCompileExec1600703788.dir/CheckFunctionExists.c.o  -o cmTryCompileExec1600703788 -rdynamic -lpthreads 
/usr/bin/ld: cannot find -lpthreads
collect2: error: ld returned 1 exit status
CMakeFiles/cmTryCompileExec1600703788.dir/build.make:88: recipe for target 'cmTryCompileExec1600703788' failed
make[1]: Leaving directory '/Bestanden/Copy/root/Bestanden/School/SE/ArcadeGame/lib/gtest/CMakeFiles/CMakeTmp'
make[1]: *** [cmTryCompileExec1600703788] Error 1
Makefile:118: recipe for target 'cmTryCompileExec1600703788/fast' failed
make: *** [cmTryCompileExec1600703788/fast] Error 2


Determining if the pthread_create exist failed with the following output:
Change Dir: /Bestanden/School/SE/ArcadeGame/lib/gtest/CMakeFiles/CMakeTmp

Run Build Command:"/usr/bin/make" "cmTryCompileExec233415927/fast"
make[1]: Entering directory '/Bestanden/Copy/root/Bestanden/School/SE/ArcadeGame/lib/gtest/CMakeFiles/CMakeTmp'
/usr/bin/make -f CMakeFiles/cmTryCompileExec233415927.dir/build.make CMakeFiles/cmTryCompileExec233415927.dir/build
make[2]: Entering directory '/Bestanden/Copy/root/Bestanden/School/SE/ArcadeGame/lib/gtest/CMakeFiles/CMakeTmp'
/usr/bin/cmake -E cmake_progress_report /Bestanden/School/SE/ArcadeGame/lib/gtest/CMakeFiles/CMakeTmp/CMakeFiles 1
Building C object CMakeFiles/cmTryCompileExec233415927.dir/CheckSymbolExists.c.o
/usr/bin/cc    -o CMakeFiles/cmTryCompileExec233415927.dir/CheckSymbolExists.c.o   -c /Bestanden/School/SE/ArcadeGame/lib/gtest/CMakeFiles/CMakeTmp/CheckSymbolExists.c
Linking C executable cmTryCompileExec233415927
/usr/bin/cmake -E cmake_link_script CMakeFiles/cmTryCompileExec233415927.dir/link.txt --verbose=1
/usr/bin/cc      CMakeFiles/cmTryCompileExec233415927.dir/CheckSymbolExists.c.o  -o cmTryCompileExec233415927 -rdynamic 
CMakeFiles/cmTryCompileExec233415927.dir/CheckSymbolExists.c.o: In function `main':
CheckSymbolExists.c:(.text+0x16): undefined reference to `pthread_create'
collect2: error: ld returned 1 exit status
CMakeFiles/cmTryCompileExec233415927.dir/build.make:88: recipe for target 'cmTryCompileExec233415927' failed
make[2]: *** [cmTryCompileExec233415927] Error 1
make[2]: Leaving directory '/Bestanden/Copy/root/Bestanden/School/SE/ArcadeGame/lib/gtest/CMakeFiles/CMakeTmp'
Makefile:118: recipe for target 'cmTryCompileExec233415927/fast' failed
make[1]: *** [cmTryCompileExec233415927/fast] Error 2
make[1]: Leaving directory '/Bestanden/Copy/root/Bestanden/School/SE/ArcadeGame/lib/gtest/CMakeFiles/CMakeTmp'

File /Bestanden/School/SE/ArcadeGame/lib/gtest/CMakeFiles/CMakeTmp/CheckSymbolExists.c:
/* */
#include <pthread.h>

int main(int argc, char** argv)
{
  (void)argv;
#ifndef pthread_create
  return ((int*)(&pthread_create))[argc];
#else
  (void)argc;
  return 0;
#endif
}

Determining if the function pthread_create exists in the pthreads failed with the following output:
Change Dir: /Bestanden/School/SE/ArcadeGame/lib/gtest/CMakeFiles/CMakeTmp

Run Build Command:"/usr/bin/make" "cmTryCompileExec1503265648/fast"
make[1]: Entering directory '/Bestanden/Copy/root/Bestanden/School/SE/ArcadeGame/lib/gtest/CMakeFiles/CMakeTmp'
/usr/bin/make -f CMakeFiles/cmTryCompileExec1503265648.dir/build.make CMakeFiles/cmTryCompileExec1503265648.dir/build
make[2]: Entering directory '/Bestanden/Copy/root/Bestanden/School/SE/ArcadeGame/lib/gtest/CMakeFiles/CMakeTmp'
/usr/bin/cmake -E cmake_progress_report /Bestanden/School/SE/ArcadeGame/lib/gtest/CMakeFiles/CMakeTmp/CMakeFiles 1
Building C object CMakeFiles/cmTryCompileExec1503265648.dir/CheckFunctionExists.c.o
/usr/bin/cc   -DCHECK_FUNCTION_EXISTS=pthread_create   -o CMakeFiles/cmTryCompileExec1503265648.dir/CheckFunctionExists.c.o   -c /usr/share/cmake-3.1/Modules/CheckFunctionExists.c
Linking C executable cmTryCompileExec1503265648
/usr/bin/cmake -E cmake_link_script CMakeFiles/cmTryCompileExec1503265648.dir/link.txt --verbose=1
/usr/bin/cc   -DCHECK_FUNCTION_EXISTS=pthread_create   CMakeFiles/cmTryCompileExec1503265648.dir/CheckFunctionExists.c.o  -o cmTryCompileExec1503265648 -rdynamic -lpthreads 
/usr/bin/ld: cannot find -lpthreads
collect2: error: ld returned 1 exit status
CMakeFiles/cmTryCompileExec1503265648.dir/build.make:88: recipe for target 'cmTryCompileExec1503265648' failed
make[2]: *** [cmTryCompileExec1503265648] Error 1
make[2]: Leaving directory '/Bestanden/Copy/root/Bestanden/School/SE/ArcadeGame/lib/gtest/CMakeFiles/CMakeTmp'
Makefile:118: recipe for target 'cmTryCompileExec1503265648/fast' failed
make[1]: *** [cmTryCompileExec1503265648/fast] Error 2
make[1]: Leaving directory '/Bestanden/Copy/root/Bestanden/School/SE/ArcadeGame/lib/gtest/CMakeFiles/CMakeTmp'


Determining if the pthread_create exist failed with the following output:
Change Dir: /home/stijn/Documents/1Ba Informatica/Project Software Engineering/Arcade Game/ArcadeGame/lib/gtest/CMakeFiles/CMakeTmp

Run Build Command:/usr/bin/make "cmTryCompileExec768775588/fast"
make[1]: Entering directory `/home/stijn/Documents/1Ba Informatica/Project Software Engineering/Arcade Game/ArcadeGame/lib/gtest/CMakeFiles/CMakeTmp'
/usr/bin/make -f CMakeFiles/cmTryCompileExec768775588.dir/build.make CMakeFiles/cmTryCompileExec768775588.dir/build
make[2]: Entering directory `/home/stijn/Documents/1Ba Informatica/Project Software Engineering/Arcade Game/ArcadeGame/lib/gtest/CMakeFiles/CMakeTmp'
/usr/bin/cmake -E cmake_progress_report "/home/stijn/Documents/1Ba Informatica/Project Software Engineering/Arcade Game/ArcadeGame/lib/gtest/CMakeFiles/CMakeTmp/CMakeFiles" 1
Building C object CMakeFiles/cmTryCompileExec768775588.dir/CheckSymbolExists.c.o
/usr/bin/cc    -o CMakeFiles/cmTryCompileExec768775588.dir/CheckSymbolExists.c.o   -c "/home/stijn/Documents/1Ba Informatica/Project Software Engineering/Arcade Game/ArcadeGame/lib/gtest/CMakeFiles/CMakeTmp/CheckSymbolExists.c"
Linking C executable cmTryCompileExec768775588
/usr/bin/cmake -E cmake_link_script CMakeFiles/cmTryCompileExec768775588.dir/link.txt --verbose=1
/usr/bin/cc       CMakeFiles/cmTryCompileExec768775588.dir/CheckSymbolExists.c.o  -o cmTryCompileExec768775588 -rdynamic 
CMakeFiles/cmTryCompileExec768775588.dir/CheckSymbolExists.c.o: In function `main':
CheckSymbolExists.c:(.text+0x16): undefined reference to `pthread_create'
collect2: error: ld returned 1 exit status
make[2]: *** [cmTryCompileExec768775588] Error 1
make[2]: Leaving directory `/home/stijn/Documents/1Ba Informatica/Project Software Engineering/Arcade Game/ArcadeGame/lib/gtest/CMakeFiles/CMakeTmp'
make[1]: *** [cmTryCompileExec768775588/fast] Error 2
make[1]: Leaving directory `/home/stijn/Documents/1Ba Informatica/Project Software Engineering/Arcade Game/ArcadeGame/lib/gtest/CMakeFiles/CMakeTmp'

File /home/stijn/Documents/1Ba Informatica/Project Software Engineering/Arcade Game/ArcadeGame/lib/gtest/CMakeFiles/CMakeTmp/CheckSymbolExists.c:
/* */
#include <pthread.h>

int main(int argc, char** argv)
{
  (void)argv;
#ifndef pthread_create
  return ((int*)(&pthread_create))[argc];
#else
  (void)argc;
  return 0;
#endif
}

Determining if the function pthread_create exists in the pthreads failed with the following output:
Change Dir: /home/stijn/Documents/1Ba Informatica/Project Software Engineering/Arcade Game/ArcadeGame/lib/gtest/CMakeFiles/CMakeTmp

Run Build Command:/usr/bin/make "cmTryCompileExec3079528469/fast"
make[1]: Entering directory `/home/stijn/Documents/1Ba Informatica/Project Software Engineering/Arcade Game/ArcadeGame/lib/gtest/CMakeFiles/CMakeTmp'
/usr/bin/make -f CMakeFiles/cmTryCompileExec3079528469.dir/build.make CMakeFiles/cmTryCompileExec3079528469.dir/build
make[2]: Entering directory `/home/stijn/Documents/1Ba Informatica/Project Software Engineering/Arcade Game/ArcadeGame/lib/gtest/CMakeFiles/CMakeTmp'
/usr/bin/cmake -E cmake_progress_report "/home/stijn/Documents/1Ba Informatica/Project Software Engineering/Arcade Game/ArcadeGame/lib/gtest/CMakeFiles/CMakeTmp/CMakeFiles" 1
Building C object CMakeFiles/cmTryCompileExec3079528469.dir/CheckFunctionExists.c.o
/usr/bin/cc   -DCHECK_FUNCTION_EXISTS=pthread_create   -o CMakeFiles/cmTryCompileExec3079528469.dir/CheckFunctionExists.c.o   -c /usr/share/cmake-2.8/Modules/CheckFunctionExists.c
Linking C executable cmTryCompileExec3079528469
/usr/bin/cmake -E cmake_link_script CMakeFiles/cmTryCompileExec3079528469.dir/link.txt --verbose=1
/usr/bin/cc   -DCHECK_FUNCTION_EXISTS=pthread_create    CMakeFiles/cmTryCompileExec3079528469.dir/CheckFunctionExists.c.o  -o cmTryCompileExec3079528469 -rdynamic -lpthreads 
/usr/bin/ld: cannot find -lpthreads
collect2: error: ld returned 1 exit status
make[2]: *** [cmTryCompileExec3079528469] Error 1
make[2]: Leaving directory `/home/stijn/Documents/1Ba Informatica/Project Software Engineering/Arcade Game/ArcadeGame/lib/gtest/CMakeFiles/CMakeTmp'
make[1]: *** [cmTryCompileExec3079528469/fast] Error 2
make[1]: Leaving directory `/home/stijn/Documents/1Ba Informatica/Project Software Engineering/Arcade Game/ArcadeGame/lib/gtest/CMakeFiles/CMakeTmp'


Determining if the pthread_create exist failed with the following output:
Change Dir: /home/stijn/Documents/1Ba Informatica/Project Software Engineering/Arcade Game/ArcadeGame/lib/gtest/CMakeFiles/CMakeTmp

Run Build Command:/usr/bin/make "cmTryCompileExec2816058149/fast"
make[1]: Entering directory `/home/stijn/Documents/1Ba Informatica/Project Software Engineering/Arcade Game/ArcadeGame/lib/gtest/CMakeFiles/CMakeTmp'
/usr/bin/make -f CMakeFiles/cmTryCompileExec2816058149.dir/build.make CMakeFiles/cmTryCompileExec2816058149.dir/build
make[2]: Entering directory `/home/stijn/Documents/1Ba Informatica/Project Software Engineering/Arcade Game/ArcadeGame/lib/gtest/CMakeFiles/CMakeTmp'
/usr/bin/cmake -E cmake_progress_report "/home/stijn/Documents/1Ba Informatica/Project Software Engineering/Arcade Game/ArcadeGame/lib/gtest/CMakeFiles/CMakeTmp/CMakeFiles" 1
Building C object CMakeFiles/cmTryCompileExec2816058149.dir/CheckSymbolExists.c.o
/usr/bin/cc    -o CMakeFiles/cmTryCompileExec2816058149.dir/CheckSymbolExists.c.o   -c "/home/stijn/Documents/1Ba Informatica/Project Software Engineering/Arcade Game/ArcadeGame/lib/gtest/CMakeFiles/CMakeTmp/CheckSymbolExists.c"
Linking C executable cmTryCompileExec2816058149
/usr/bin/cmake -E cmake_link_script CMakeFiles/cmTryCompileExec2816058149.dir/link.txt --verbose=1
/usr/bin/cc       CMakeFiles/cmTryCompileExec2816058149.dir/CheckSymbolExists.c.o  -o cmTryCompileExec2816058149 -rdynamic 
CMakeFiles/cmTryCompileExec2816058149.dir/CheckSymbolExists.c.o: In function `main':
CheckSymbolExists.c:(.text+0x16): undefined reference to `pthread_create'
collect2: error: ld returned 1 exit status
make[2]: *** [cmTryCompileExec2816058149] Error 1
make[2]: Leaving directory `/home/stijn/Documents/1Ba Informatica/Project Software Engineering/Arcade Game/ArcadeGame/lib/gtest/CMakeFiles/CMakeTmp'
make[1]: *** [cmTryCompileExec2816058149/fast] Error 2
make[1]: Leaving directory `/home/stijn/Documents/1Ba Informatica/Project Software Engineering/Arcade Game/ArcadeGame/lib/gtest/CMakeFiles/CMakeTmp'

File /home/stijn/Documents/1Ba Informatica/Project Software Engineering/Arcade Game/ArcadeGame/lib/gtest/CMakeFiles/CMakeTmp/CheckSymbolExists.c:
/* */
#include <pthread.h>

int main(int argc, char** argv)
{
  (void)argv;
#ifndef pthread_create
  return ((int*)(&pthread_create))[argc];
#else
  (void)argc;
  return 0;
#endif
}

Determining if the function pthread_create exists in the pthreads failed with the following output:
Change Dir: /home/stijn/Documents/1Ba Informatica/Project Software Engineering/Arcade Game/ArcadeGame/lib/gtest/CMakeFiles/CMakeTmp

Run Build Command:/usr/bin/make "cmTryCompileExec2647458372/fast"
make[1]: Entering directory `/home/stijn/Documents/1Ba Informatica/Project Software Engineering/Arcade Game/ArcadeGame/lib/gtest/CMakeFiles/CMakeTmp'
/usr/bin/make -f CMakeFiles/cmTryCompileExec2647458372.dir/build.make CMakeFiles/cmTryCompileExec2647458372.dir/build
make[2]: Entering directory `/home/stijn/Documents/1Ba Informatica/Project Software Engineering/Arcade Game/ArcadeGame/lib/gtest/CMakeFiles/CMakeTmp'
/usr/bin/cmake -E cmake_progress_report "/home/stijn/Documents/1Ba Informatica/Project Software Engineering/Arcade Game/ArcadeGame/lib/gtest/CMakeFiles/CMakeTmp/CMakeFiles" 1
Building C object CMakeFiles/cmTryCompileExec2647458372.dir/CheckFunctionExists.c.o
/usr/bin/cc   -DCHECK_FUNCTION_EXISTS=pthread_create   -o CMakeFiles/cmTryCompileExec2647458372.dir/CheckFunctionExists.c.o   -c /usr/share/cmake-2.8/Modules/CheckFunctionExists.c
Linking C executable cmTryCompileExec2647458372
/usr/bin/cmake -E cmake_link_script CMakeFiles/cmTryCompileExec2647458372.dir/link.txt --verbose=1
/usr/bin/cc   -DCHECK_FUNCTION_EXISTS=pthread_create    CMakeFiles/cmTryCompileExec2647458372.dir/CheckFunctionExists.c.o  -o cmTryCompileExec2647458372 -rdynamic -lpthreads 
/usr/bin/ld: cannot find -lpthreads
collect2: error: ld returned 1 exit status
make[2]: *** [cmTryCompileExec2647458372] Error 1
make[2]: Leaving directory `/home/stijn/Documents/1Ba Informatica/Project Software Engineering/Arcade Game/ArcadeGame/lib/gtest/CMakeFiles/CMakeTmp'
make[1]: *** [cmTryCompileExec2647458372/fast] Error 2
make[1]: Leaving directory `/home/stijn/Documents/1Ba Informatica/Project Software Engineering/Arcade Game/ArcadeGame/lib/gtest/CMakeFiles/CMakeTmp'


Determining if the pthread_create exist failed with the following output:
Change Dir: /home/stijn/Documents/1Ba Informatica/Project Software Engineering/Arcade Game/ArcadeGame/lib/gtest/CMakeFiles/CMakeTmp

Run Build Command:/usr/bin/make "cmTryCompileExec4028000875/fast"
make[1]: Entering directory `/home/stijn/Documents/1Ba Informatica/Project Software Engineering/Arcade Game/ArcadeGame/lib/gtest/CMakeFiles/CMakeTmp'
/usr/bin/make -f CMakeFiles/cmTryCompileExec4028000875.dir/build.make CMakeFiles/cmTryCompileExec4028000875.dir/build
make[2]: Entering directory `/home/stijn/Documents/1Ba Informatica/Project Software Engineering/Arcade Game/ArcadeGame/lib/gtest/CMakeFiles/CMakeTmp'
/usr/bin/cmake -E cmake_progress_report "/home/stijn/Documents/1Ba Informatica/Project Software Engineering/Arcade Game/ArcadeGame/lib/gtest/CMakeFiles/CMakeTmp/CMakeFiles" 1
Building C object CMakeFiles/cmTryCompileExec4028000875.dir/CheckSymbolExists.c.o
/usr/bin/cc    -o CMakeFiles/cmTryCompileExec4028000875.dir/CheckSymbolExists.c.o   -c "/home/stijn/Documents/1Ba Informatica/Project Software Engineering/Arcade Game/ArcadeGame/lib/gtest/CMakeFiles/CMakeTmp/CheckSymbolExists.c"
Linking C executable cmTryCompileExec4028000875
/usr/bin/cmake -E cmake_link_script CMakeFiles/cmTryCompileExec4028000875.dir/link.txt --verbose=1
/usr/bin/cc       CMakeFiles/cmTryCompileExec4028000875.dir/CheckSymbolExists.c.o  -o cmTryCompileExec4028000875 -rdynamic 
CMakeFiles/cmTryCompileExec4028000875.dir/CheckSymbolExists.c.o: In function `main':
CheckSymbolExists.c:(.text+0x16): undefined reference to `pthread_create'
collect2: error: ld returned 1 exit status
make[2]: *** [cmTryCompileExec4028000875] Error 1
make[2]: Leaving directory `/home/stijn/Documents/1Ba Informatica/Project Software Engineering/Arcade Game/ArcadeGame/lib/gtest/CMakeFiles/CMakeTmp'
make[1]: *** [cmTryCompileExec4028000875/fast] Error 2
make[1]: Leaving directory `/home/stijn/Documents/1Ba Informatica/Project Software Engineering/Arcade Game/ArcadeGame/lib/gtest/CMakeFiles/CMakeTmp'

File /home/stijn/Documents/1Ba Informatica/Project Software Engineering/Arcade Game/ArcadeGame/lib/gtest/CMakeFiles/CMakeTmp/CheckSymbolExists.c:
/* */
#include <pthread.h>

int main(int argc, char** argv)
{
  (void)argv;
#ifndef pthread_create
  return ((int*)(&pthread_create))[argc];
#else
  (void)argc;
  return 0;
#endif
}

Determining if the function pthread_create exists in the pthreads failed with the following output:
Change Dir: /home/stijn/Documents/1Ba Informatica/Project Software Engineering/Arcade Game/ArcadeGame/lib/gtest/CMakeFiles/CMakeTmp

Run Build Command:/usr/bin/make "cmTryCompileExec1601516212/fast"
make[1]: Entering directory `/home/stijn/Documents/1Ba Informatica/Project Software Engineering/Arcade Game/ArcadeGame/lib/gtest/CMakeFiles/CMakeTmp'
/usr/bin/make -f CMakeFiles/cmTryCompileExec1601516212.dir/build.make CMakeFiles/cmTryCompileExec1601516212.dir/build
make[2]: Entering directory `/home/stijn/Documents/1Ba Informatica/Project Software Engineering/Arcade Game/ArcadeGame/lib/gtest/CMakeFiles/CMakeTmp'
/usr/bin/cmake -E cmake_progress_report "/home/stijn/Documents/1Ba Informatica/Project Software Engineering/Arcade Game/ArcadeGame/lib/gtest/CMakeFiles/CMakeTmp/CMakeFiles" 1
Building C object CMakeFiles/cmTryCompileExec1601516212.dir/CheckFunctionExists.c.o
/usr/bin/cc   -DCHECK_FUNCTION_EXISTS=pthread_create   -o CMakeFiles/cmTryCompileExec1601516212.dir/CheckFunctionExists.c.o   -c /usr/share/cmake-2.8/Modules/CheckFunctionExists.c
Linking C executable cmTryCompileExec1601516212
/usr/bin/cmake -E cmake_link_script CMakeFiles/cmTryCompileExec1601516212.dir/link.txt --verbose=1
/usr/bin/cc   -DCHECK_FUNCTION_EXISTS=pthread_create    CMakeFiles/cmTryCompileExec1601516212.dir/CheckFunctionExists.c.o  -o cmTryCompileExec1601516212 -rdynamic -lpthreads 
/usr/bin/ld: cannot find -lpthreads
collect2: error: ld returned 1 exit status
make[2]: *** [cmTryCompileExec1601516212] Error 1
make[2]: Leaving directory `/home/stijn/Documents/1Ba Informatica/Project Software Engineering/Arcade Game/ArcadeGame/lib/gtest/CMakeFiles/CMakeTmp'
make[1]: *** [cmTryCompileExec1601516212/fast] Error 2
make[1]: Leaving directory `/home/stijn/Documents/1Ba Informatica/Project Software Engineering/Arcade Game/ArcadeGame/lib/gtest/CMakeFiles/CMakeTmp'


